<?xml version="1.0" encoding="UTF-8"?>
<!-- Generated by org.testng.reporters.JUnitXMLReporter -->
<testsuite hostname="DESKTOP-8GU1FPD" name="Default test" tests="4" failures="0" timestamp="13 Sep 2018 09:56:31 GMT" time="42.251" errors="0">
  <testcase name="test1" time="11.425" classname="com.ddfw.punj.testcases.TestCaseC"/>
  <testcase name="test2" time="11.236" classname="com.ddfw.punj.testcases.TestCaseC"/>
  <testcase name="test3" time="10.784" classname="com.ddfw.punj.testcases.TestCaseC"/>
  <testcase name="test4" time="5.897" classname="com.ddfw.punj.testcases.TestCaseC"/>
</testsuite> <!-- Default test -->
