<?xml version="1.0" encoding="UTF-8"?>
<!-- Generated by org.testng.reporters.JUnitXMLReporter -->
<testsuite hostname="DESKTOP-8GU1FPD" name="ChromeTest" tests="4" failures="0" timestamp="14 Sep 2018 09:45:48 GMT" time="76.67" errors="0">
  <testcase name="test1" time="13.924" classname="com.ddfw.punj.testcases.TestCaseA"/>
  <testcase name="test2" time="16.706" classname="com.ddfw.punj.testcases.TestCaseA"/>
  <testcase name="test3" time="12.917" classname="com.ddfw.punj.testcases.TestCaseA"/>
  <testcase name="test4" time="8.473" classname="com.ddfw.punj.testcases.TestCaseA"/>
</testsuite> <!-- ChromeTest -->
