<?xml version="1.0" encoding="UTF-8"?>
<!-- Generated by org.testng.reporters.JUnitXMLReporter -->
<testsuite hostname="DESKTOP-8GU1FPD" name="ChromeTest" tests="4" failures="0" timestamp="13 Sep 2018 11:10:28 GMT" time="64.502" errors="0">
  <testcase name="test1" time="19.799" classname="com.ddfw.punj.testcases.TestCaseA"/>
  <testcase name="test2" time="15.687" classname="com.ddfw.punj.testcases.TestCaseA"/>
  <testcase name="test3" time="16.085" classname="com.ddfw.punj.testcases.TestCaseA"/>
  <testcase name="test4" time="7.12" classname="com.ddfw.punj.testcases.TestCaseA"/>
</testsuite> <!-- ChromeTest -->
