<?xml version="1.0" encoding="UTF-8"?>
<!-- Generated by org.testng.reporters.JUnitXMLReporter -->
<testsuite hostname="DESKTOP-8GU1FPD" name="EdgeTest" tests="4" failures="0" timestamp="14 Sep 2018 09:45:35 GMT" time="62.998" errors="0">
  <testcase name="test1" time="9.88" classname="com.ddfw.punj.testcases.TestCaseA"/>
  <testcase name="test2" time="13.678" classname="com.ddfw.punj.testcases.TestCaseA"/>
  <testcase name="test3" time="9.798" classname="com.ddfw.punj.testcases.TestCaseA"/>
  <testcase name="test4" time="5.938" classname="com.ddfw.punj.testcases.TestCaseA"/>
</testsuite> <!-- EdgeTest -->
