<?xml version="1.0" encoding="UTF-8"?>
<!-- Generated by org.testng.reporters.JUnitXMLReporter -->
<testsuite hostname="DESKTOP-8GU1FPD" name="EdgeTest" tests="4" failures="0" timestamp="13 Sep 2018 11:10:25 GMT" time="60.649" errors="0">
  <testcase name="test1" time="12.547" classname="com.ddfw.punj.testcases.TestCaseA"/>
  <testcase name="test2" time="15.981" classname="com.ddfw.punj.testcases.TestCaseA"/>
  <testcase name="test3" time="12.251" classname="com.ddfw.punj.testcases.TestCaseA"/>
  <testcase name="test4" time="8.323" classname="com.ddfw.punj.testcases.TestCaseA"/>
</testsuite> <!-- EdgeTest -->
