<?xml version="1.0" encoding="UTF-8"?>
<!-- Generated by org.testng.reporters.JUnitXMLReporter -->
<testsuite hostname="DESKTOP-8GU1FPD" name="FirefoxTest" tests="4" failures="0" timestamp="14 Sep 2018 09:45:39 GMT" time="66.875" errors="0">
  <testcase name="test1" time="10.568" classname="com.ddfw.punj.testcases.TestCaseA"/>
  <testcase name="test2" time="14.087" classname="com.ddfw.punj.testcases.TestCaseA"/>
  <testcase name="test3" time="10.138" classname="com.ddfw.punj.testcases.TestCaseA"/>
  <testcase name="test4" time="5.625" classname="com.ddfw.punj.testcases.TestCaseA"/>
</testsuite> <!-- FirefoxTest -->
