<?xml version="1.0" encoding="UTF-8"?>
<!-- Generated by org.testng.reporters.JUnitXMLReporter -->
<testsuite hostname="DESKTOP-8GU1FPD" name="FirefoxTest" tests="4" failures="0" timestamp="13 Sep 2018 11:10:32 GMT" time="67.707" errors="0">
  <testcase name="test1" time="15.797" classname="com.ddfw.punj.testcases.TestCaseA"/>
  <testcase name="test2" time="15.86" classname="com.ddfw.punj.testcases.TestCaseA"/>
  <testcase name="test3" time="12.593" classname="com.ddfw.punj.testcases.TestCaseA"/>
  <testcase name="test4" time="6.487" classname="com.ddfw.punj.testcases.TestCaseA"/>
</testsuite> <!-- FirefoxTest -->
