<?xml version="1.0" encoding="UTF-8"?>
<!-- Generated by org.testng.reporters.JUnitXMLReporter -->
<testsuite hostname="DESKTOP-8GU1FPD" name="TestB" tests="3" failures="0" timestamp="7 Sep 2018 09:51:49 GMT" time="0.559" errors="0">
  <testcase name="TestB1" time="0.019" classname="com.ddfw.punj.testcases.TestCaseB"/>
  <testcase name="TestB2" time="0.003" classname="com.ddfw.punj.testcases.TestCaseB"/>
  <testcase name="TestB3" time="0.003" classname="com.ddfw.punj.testcases.TestCaseB"/>
</testsuite> <!-- TestB -->
