<?xml version="1.0" encoding="UTF-8"?>
<!-- Generated by org.testng.reporters.JUnitXMLReporter -->
<testsuite hostname="DESKTOP-8GU1FPD" name="TestCaseC" tests="4" failures="0" timestamp="13 Sep 2018 09:03:19 GMT" time="53.941" errors="0">
  <testcase name="test1" time="17.251" classname="com.ddfw.punj.testcases.TestCaseC"/>
  <testcase name="test2" time="17.187" classname="com.ddfw.punj.testcases.TestCaseC"/>
  <testcase name="test3" time="11.391" classname="com.ddfw.punj.testcases.TestCaseC"/>
  <testcase name="test4" time="4.814" classname="com.ddfw.punj.testcases.TestCaseC"/>
</testsuite> <!-- TestCaseC -->
