<?xml version="1.0" encoding="UTF-8"?>
<!-- Generated by org.testng.reporters.JUnitXMLReporter -->
<testsuite hostname="DESKTOP-8GU1FPD" name="TestC" tests="3" failures="0" timestamp="7 Sep 2018 09:51:50 GMT" time="0.647" errors="0">
  <testcase name="TestC1" time="0.017" classname="com.ddfw.punj.testcases.TestCaseC"/>
  <testcase name="TestC2" time="0.003" classname="com.ddfw.punj.testcases.TestCaseC"/>
  <testcase name="TestC3" time="0.002" classname="com.ddfw.punj.testcases.TestCaseC"/>
</testsuite> <!-- TestC -->
